2026-02-04 17:47:42,150 [INFO] Archivo cargado: inputs/FuelConsumptionCo2.csv
2026-02-04 17:47:42,150 [INFO] Dimensiones del dataset: (1067, 13)
2026-02-04 17:47:42,153 [INFO] Datos después de limpiar NaN: (1067, 4)
2026-02-04 17:47:42,554 [INFO] Modelo de regresión lineal simple entrenado.
2026-02-04 17:47:42,554 [INFO] Intercept: 69.10302617988444
2026-02-04 17:47:42,554 [INFO] Coefficient: 16.180900781199195
2026-02-04 17:47:42,556 [INFO] MSE (simple): 797.4346310097206
2026-02-04 17:47:42,557 [INFO] R² (simple): 0.8071474868274242
2026-02-04 17:47:42,802 [INFO] Modelo de regresión lineal múltiple entrenado.
2026-02-04 17:47:42,803 [INFO] Intercept: 67.3483851836209
2026-02-04 17:47:42,803 [INFO] Coeficiente de ENGINESIZE: 11.209439495558263
2026-02-04 17:47:42,803 [INFO] Coeficiente de CYLINDERS: 7.155613809018341
2026-02-04 17:47:42,804 [INFO] Coeficiente de FUELCONSUMPTION_COMB: 9.520811800573568
2026-02-04 17:47:42,806 [INFO] MSE (múltiple): 512.8551370148301
2026-02-04 17:47:42,807 [INFO] R² (múltiple): 0.875970520691407
2026-02-04 17:47:43,947 [INFO] Gráfica 3D guardada en ./out/mlr_3d_plot.png
2026-02-04 17:47:43,951 [INFO] 
Matriz de correlación:

2026-02-04 17:47:43,951 [INFO]                       MODELYEAR  ENGINESIZE  FUELCONSUMPTION_CITY  FUELCONSUMPTION_HWY  FUELCONSUMPTION_COMB  CO2EMISSIONS
MODELYEAR                   NaN         NaN                   NaN                  NaN                   NaN           NaN
ENGINESIZE                  NaN    1.000000              0.832225             0.778746              0.819482      0.874154
FUELCONSUMPTION_CITY        NaN    0.832225              1.000000             0.965718              0.995542      0.898039
FUELCONSUMPTION_HWY         NaN    0.778746              0.965718             1.000000              0.985804      0.861748
FUELCONSUMPTION_COMB        NaN    0.819482              0.995542             0.985804              1.000000      0.892129
CO2EMISSIONS                NaN    0.874154              0.898039             0.861748              0.892129      1.000000
